<?xml version="1.0" encoding="UTF-8"?>
<testsuite name="ArrayUtilsTest" tests="7" skipped="0" failures="0" errors="0" timestamp="2024-04-02T16:30:39" hostname="DESKTOP-7JSLIMJ" time="0.13">
  <properties/>
  <testcase name="testFindLastNull()" classname="ArrayUtilsTest" time="0.094"/>
  <testcase name="testFindLastEmpty()" classname="ArrayUtilsTest" time="0.006"/>
  <testcase name="testOddOrPositiveBothPositivesAndNegatives()" classname="ArrayUtilsTest" time="0.002"/>
  <testcase name="testFindLastNonExistent()" classname="ArrayUtilsTest" time="0.002"/>
  <testcase name="testOddOrPosAllPositives()" classname="ArrayUtilsTest" time="0.003"/>
  <testcase name="testOddOrPosNull()" classname="ArrayUtilsTest" time="0.003"/>
  <testcase name="testFindLastExistsFirstElement()" classname="ArrayUtilsTest" time="0.002"/>
  <system-out><![CDATA[]]></system-out>
  <system-err><![CDATA[]]></system-err>
</testsuite>
