<?xml version="1.0" encoding="UTF-8"?>
<testsuite name="ArrayUtilsTest" tests="1" skipped="0" failures="0" errors="0" timestamp="2024-04-03T04:14:53" hostname="DESKTOP-7JSLIMJ" time="0.133">
  <properties/>
  <testcase name="testCountOfMultipleOccurance()" classname="ArrayUtilsTest" time="0.133"/>
  <system-out><![CDATA[]]></system-out>
  <system-err><![CDATA[]]></system-err>
</testsuite>
